cypress/e2e/sampletest.cy.js:
    Logging example -> TC01 - Welcome to logs
                        Time: 1724931044558
            cy:log (K): Hiii hello Test started
                        Time: 1724931044562
        cy:command (K): visit	https://example.com
                        Time: 1724931044614
        cy:command (K): screenshot
                        Time: 1724931044942
        cy:command (K): screenshot
                        Time: 1724931045167
            cy:log (K): Bye Test completed
                        Time: 1724931045171
        cy:command (K): task	readLogFile

    Logging example -> TC02 - another test case example
                        Time: 1724931047090
            cy:log (K): Test started Successfully
                        Time: 1724931047095
        cy:command (K): visit	https://example.cypress.io/
                        Time: 1724931047357
            cy:log (K): Test completed Successfully
                        Time: 1724931047359
        cy:command (K): screenshot
                        Time: 1724931049221
        cy:command (K): screenshot
                        Time: 1724931051124
        cy:command (K): task	readLogFile

    Logging example -> TC03 - Login Test
                        Time: 1724931053498
        cy:command (K): visit	https://opensource-demo.orangehrmlive.com/ -> 302: https://opensource-demo.orangehrmlive.com/web/index.php/auth/login
                        Time: 1724931054879
        cy:command (K): title
                        Time: 1724931054886
        cy:command (X): assert	expected **OrangeHRM** to equal **OrangeHRM123**
                        Actual: 	"OrangeHRM"
                        Expected: 	"OrangeHRM123"
                        Time: 1724931054895
            cy:xhr (K): GET https://opensource-demo.orangehrmlive.com/web/index.php/core/i18n/messages
                        Status: 200

    Logging example -> TC04 - 4th example
                        Time: 1724931059081
        cy:command (K): visit	https://opensource-demo.orangehrmlive.com/ -> 302: https://opensource-demo.orangehrmlive.com/web/index.php/auth/login
                        Time: 1724931059526
        cy:command (K): get	input[name='username']
                        Time: 1724931059531
            cy:xhr (K): GET https://opensource-demo.orangehrmlive.com/web/index.php/core/i18n/messages
                        Status: 200
                        Time: 1724931060025
        cy:command (K): type	Admin
                        Time: 1724931060222
        cy:command (K): get	input[name='password']
                        Time: 1724931060225
        cy:command (K): type	admin123
                        Time: 1724931060444
        cy:command (K): get	button[type='submit']
                        Time: 1724931060447
        cy:command (K): click
                        Time: 1724931060477
        cy:command (K): page load	--page loaded--
                        Time: 1724931061364
        cy:command (K): new url	https://opensource-demo.orangehrmlive.com/web/index.php/dashboard/index
                        Time: 1724931061396
            cy:xhr (!): GET https://opensource-demo.orangehrmlive.com/web/index.php/core/i18n/messages
                        Status: 304
                        Time: 1724931061403
        cy:command (K): screenshot
                        Time: 1724931061821
            cy:xhr (K): GET https://opensource-demo.orangehrmlive.com/web/index.php/api/v2/dashboard/employees/time-at-work?timezoneOffset=0&currentDate=2024-08-29&currentTime=11:31
                        Time: 1724931061823
            cy:xhr (K): GET https://opensource-demo.orangehrmlive.com/web/index.php/api/v2/dashboard/employees/action-summary
                        Time: 1724931061823
            cy:xhr (K): GET https://opensource-demo.orangehrmlive.com/web/index.php/api/v2/dashboard/shortcuts
                        Time: 1724931061824
            cy:xhr (K): GET https://opensource-demo.orangehrmlive.com/web/index.php/api/v2/buzz/feed?limit=5&offset=0&sortOrder=DESC&sortField=share.createdAtUtc

